DenseMapSimd, build: 1016 (optimal), Date: Feb  8 2025 17:22:10
Intel(R) Core(TM) i5-10600K CPU @ 4.10GHz, Comet Lake (Core i5), 6/12, 4.104GHz
generate 134.217.728 Unique Random set of numbers to 'DenseMap.64.dat' ..........................
time: 19.659 s, size: 134.217.728, MemUsed: 260 MB

DenseMapSimd, build: 1016 (optimal), Date: Feb  8 2025 17:22:10
Intel(R) Core(TM) i5-10600K CPU @ 4.10GHz, Comet Lake (Core i5), 6/12, 4.104GHz
load from 'DenseMap.64.dat', time: 0.649 s, size: 134.217.728, Unique Random set of numbers

-ht, DenseHashTable<uint64_t>::Add(key)
time: 0.999s, load: 0.0745, cnt:  10.000.000, op: 99ns, probe:          0, cmp:     46.733
time: 1.996s, load: 0.1490, cnt:  20.000.000, op: 99ns, probe:          0, cmp:    185.958
time: 2.992s, load: 0.2235, cnt:  30.000.000, op: 99ns, probe:          2, cmp:    419.164
time: 3.982s, load: 0.2980, cnt:  40.000.000, op: 99ns, probe:         31, cmp:    745.837
time: 4.972s, load: 0.3725, cnt:  50.000.000, op: 99ns, probe:        633, cmp:  1.163.342
time: 5.965s, load: 0.4470, cnt:  60.000.000, op: 99ns, probe:      6.228, cmp:  1.675.674
time: 6.971s, load: 0.5215, cnt:  70.000.000, op: 99ns, probe:     38.144, cmp:  2.283.628
time: 7.965s, load: 0.5960, cnt:  80.000.000, op: 99ns, probe:    169.407, cmp:  2.992.009
time: 8.965s, load: 0.6706, cnt:  90.000.000, op: 99ns, probe:    594.124, cmp:  3.821.132
time: 9.977s, load: 0.7451, cnt: 100.000.000, op: 99ns, probe:  1.785.219, cmp:  4.822.037
time:11.014s, load: 0.8196, cnt: 110.000.000, op: 100ns, probe:  4.849.878, cmp:  6.123.912
time:12.095s, load: 0.8941, cnt: 120.000.000, op: 100ns, probe: 12.804.033, cmp:  8.097.436
time:13.297s, load: 0.9686, cnt: 130.000.000, op: 102ns, probe: 41.525.926, cmp: 12.720.545

DenseMapSimd, build: 1016 (fix1), Date: Feb  8 2025 17:22:33
Intel(R) Core(TM) i5-10600K CPU @ 4.10GHz, Comet Lake (Core i5), 6/12, 4.104GHz
load from 'DenseMap.64.dat', time: 0.681 s, size: 134.217.728, Unique Random set of numbers

-ht, DenseHashTable<uint64_t>::Add(key)
time: 0.259s, load: 0.0745, cnt:  10.000.000, op: 25ns, probe:          0, cmp:     46.733
time: 0.541s, load: 0.1490, cnt:  20.000.000, op: 27ns, probe:          0, cmp:    185.958
time: 0.802s, load: 0.2235, cnt:  30.000.000, op: 26ns, probe:          2, cmp:    419.164
time: 1.102s, load: 0.2980, cnt:  40.000.000, op: 27ns, probe:         31, cmp:    745.837
time: 1.460s, load: 0.3725, cnt:  50.000.000, op: 29ns, probe:        633, cmp:  1.163.342
time: 1.905s, load: 0.4470, cnt:  60.000.000, op: 31ns, probe:      6.228, cmp:  1.675.674
time: 2.532s, load: 0.5215, cnt:  70.000.000, op: 36ns, probe:     38.144, cmp:  2.283.628
time: 3.215s, load: 0.5960, cnt:  80.000.000, op: 40ns, probe:    169.407, cmp:  2.992.009
time: 4.043s, load: 0.6706, cnt:  90.000.000, op: 44ns, probe:    594.124, cmp:  3.821.132
time: 4.948s, load: 0.7451, cnt: 100.000.000, op: 49ns, probe:  1.785.219, cmp:  4.822.037
time: 5.932s, load: 0.8196, cnt: 110.000.000, op: 53ns, probe:  4.849.878, cmp:  6.123.912
time: 6.964s, load: 0.8941, cnt: 120.000.000, op: 58ns, probe: 12.804.033, cmp:  8.097.436
time: 8.196s, load: 0.9686, cnt: 130.000.000, op: 63ns, probe: 41.525.926, cmp: 12.720.545

DenseMapSimd, build: 1016 (fix2), Date: Feb  8 2025 17:22:22
Intel(R) Core(TM) i5-10600K CPU @ 4.10GHz, Comet Lake (Core i5), 6/12, 4.104GHz
load from 'DenseMap.64.dat', time: 0.675 s, size: 134.217.728, Unique Random set of numbers

-ht, DenseHashTable<uint64_t>::Add(key)
time: 0.283s, load: 0.0745, cnt:  10.000.000, op: 28ns, probe:          0, cmp:     46.733
time: 0.555s, load: 0.1490, cnt:  20.000.000, op: 27ns, probe:          0, cmp:    185.958
time: 0.841s, load: 0.2235, cnt:  30.000.000, op: 28ns, probe:          2, cmp:    419.164
time: 1.126s, load: 0.2980, cnt:  40.000.000, op: 28ns, probe:         31, cmp:    745.837
time: 1.417s, load: 0.3725, cnt:  50.000.000, op: 28ns, probe:        633, cmp:  1.163.342
time: 1.741s, load: 0.4470, cnt:  60.000.000, op: 29ns, probe:      6.228, cmp:  1.675.674
time: 2.102s, load: 0.5215, cnt:  70.000.000, op: 30ns, probe:     38.144, cmp:  2.283.628
time: 2.485s, load: 0.5960, cnt:  80.000.000, op: 31ns, probe:    169.407, cmp:  2.992.009
time: 2.964s, load: 0.6706, cnt:  90.000.000, op: 32ns, probe:    594.124, cmp:  3.821.132
time: 3.540s, load: 0.7451, cnt: 100.000.000, op: 35ns, probe:  1.785.219, cmp:  4.822.037
time: 4.191s, load: 0.8196, cnt: 110.000.000, op: 38ns, probe:  4.849.878, cmp:  6.123.912
time: 5.001s, load: 0.8941, cnt: 120.000.000, op: 41ns, probe: 12.804.033, cmp:  8.097.436
time: 6.158s, load: 0.9686, cnt: 130.000.000, op: 47ns, probe: 41.525.926, cmp: 12.720.545

DenseMapSimd, build: 1016 (optimal), Date: Feb  8 2025 17:22:10
Intel(R) Core(TM) i5-10600K CPU @ 4.10GHz, Comet Lake (Core i5), 6/12, 4.104GHz
load from 'DenseMap.64.dat', time: 0.681 s, size: 134.217.728, Unique Random set of numbers

-ht, DenseHashTable<uint32_t>::Add(key)
time: 0.993s, load: 0.0745, cnt:  10.000.000, op: 99ns, probe:          0, cmp:     37.412
time: 1.978s, load: 0.1490, cnt:  20.000.000, op: 98ns, probe:          0, cmp:    149.348
time: 2.969s, load: 0.2235, cnt:  30.000.000, op: 98ns, probe:          2, cmp:    335.381
time: 3.959s, load: 0.2980, cnt:  40.000.000, op: 98ns, probe:         21, cmp:    594.769
time: 4.943s, load: 0.3725, cnt:  50.000.000, op: 98ns, probe:        546, cmp:    928.150
time: 5.973s, load: 0.4470, cnt:  60.000.000, op: 99ns, probe:      5.532, cmp:  1.334.948
time: 6.942s, load: 0.5215, cnt:  70.000.000, op: 99ns, probe:     34.721, cmp:  1.816.090
time: 7.914s, load: 0.5960, cnt:  80.000.000, op: 98ns, probe:    155.801, cmp:  2.378.766
time: 8.916s, load: 0.6706, cnt:  90.000.000, op: 99ns, probe:    557.339, cmp:  3.040.257
time: 9.911s, load: 0.7451, cnt: 100.000.000, op: 99ns, probe:  1.691.572, cmp:  3.851.959
time:10.952s, load: 0.8196, cnt: 110.000.000, op: 99ns, probe:  4.641.406, cmp:  4.937.264
time:12.134s, load: 0.8941, cnt: 120.000.000, op: 101ns, probe: 12.388.504, cmp:  6.669.088
time:13.228s, load: 0.9686, cnt: 130.000.000, op: 101ns, probe: 40.532.297, cmp: 11.008.075

DenseMapSimd, build: 1016 (fix1), Date: Feb  8 2025 17:22:33
Intel(R) Core(TM) i5-10600K CPU @ 4.10GHz, Comet Lake (Core i5), 6/12, 4.104GHz
load from 'DenseMap.64.dat', time: 0.666 s, size: 134.217.728, Unique Random set of numbers

-ht, DenseHashTable<uint32_t>::Add(key)
time: 0.249s, load: 0.0745, cnt:  10.000.000, op: 24ns, probe:          0, cmp:     37.412
time: 0.507s, load: 0.1490, cnt:  20.000.000, op: 25ns, probe:          0, cmp:    149.348
time: 0.777s, load: 0.2235, cnt:  30.000.000, op: 25ns, probe:          2, cmp:    335.381
time: 1.085s, load: 0.2980, cnt:  40.000.000, op: 27ns, probe:         21, cmp:    594.769
time: 1.415s, load: 0.3725, cnt:  50.000.000, op: 28ns, probe:        546, cmp:    928.150
time: 1.858s, load: 0.4470, cnt:  60.000.000, op: 30ns, probe:      5.532, cmp:  1.334.948
time: 2.409s, load: 0.5215, cnt:  70.000.000, op: 34ns, probe:     34.721, cmp:  1.816.090
time: 3.168s, load: 0.5960, cnt:  80.000.000, op: 39ns, probe:    155.801, cmp:  2.378.766
time: 3.959s, load: 0.6706, cnt:  90.000.000, op: 43ns, probe:    557.339, cmp:  3.040.257
time: 4.872s, load: 0.7451, cnt: 100.000.000, op: 48ns, probe:  1.691.572, cmp:  3.851.959
time: 5.804s, load: 0.8196, cnt: 110.000.000, op: 52ns, probe:  4.641.406, cmp:  4.937.264
time: 6.864s, load: 0.8941, cnt: 120.000.000, op: 57ns, probe: 12.388.504, cmp:  6.669.088
time: 8.025s, load: 0.9686, cnt: 130.000.000, op: 61ns, probe: 40.532.297, cmp: 11.008.075

DenseMapSimd, build: 1016 (fix2), Date: Feb  8 2025 17:22:22
Intel(R) Core(TM) i5-10600K CPU @ 4.10GHz, Comet Lake (Core i5), 6/12, 4.104GHz
load from 'DenseMap.64.dat', time: 0.675 s, size: 134.217.728, Unique Random set of numbers

-ht, DenseHashTable<uint32_t>::Add(key)
time: 0.262s, load: 0.0745, cnt:  10.000.000, op: 26ns, probe:          0, cmp:     37.412
time: 0.535s, load: 0.1490, cnt:  20.000.000, op: 26ns, probe:          0, cmp:    149.348
time: 0.801s, load: 0.2235, cnt:  30.000.000, op: 26ns, probe:          2, cmp:    335.381
time: 1.070s, load: 0.2980, cnt:  40.000.000, op: 26ns, probe:         21, cmp:    594.769
time: 1.366s, load: 0.3725, cnt:  50.000.000, op: 27ns, probe:        546, cmp:    928.150
time: 1.661s, load: 0.4470, cnt:  60.000.000, op: 27ns, probe:      5.532, cmp:  1.334.948
time: 1.998s, load: 0.5215, cnt:  70.000.000, op: 28ns, probe:     34.721, cmp:  1.816.090
time: 2.380s, load: 0.5960, cnt:  80.000.000, op: 29ns, probe:    155.801, cmp:  2.378.766
time: 2.841s, load: 0.6706, cnt:  90.000.000, op: 31ns, probe:    557.339, cmp:  3.040.257
time: 3.377s, load: 0.7451, cnt: 100.000.000, op: 33ns, probe:  1.691.572, cmp:  3.851.959
time: 4.013s, load: 0.8196, cnt: 110.000.000, op: 36ns, probe:  4.641.406, cmp:  4.937.264
time: 4.793s, load: 0.8941, cnt: 120.000.000, op: 39ns, probe: 12.388.504, cmp:  6.669.088
time: 5.910s, load: 0.9686, cnt: 130.000.000, op: 45ns, probe: 40.532.297, cmp: 11.008.075

