
Z:\temp\DenseMapSimd\x64>DenseMapSimd.exe rnd 128 
DenseMapSimd, build: 1015 (optimal), Date: Feb  7 2025 14:33:06
Intel(R) Core(TM) i7-10700K CPU @ 3.80GHz, Comet Lake (Core i7), 8/16, 3.792GHz
generate 134.217.728 Unique Random set of numbers to 'DenseMap.64.dat' ..........................
time: 19.630 s, size: 134.217.728, MemUsed: 260 MB

Z:\temp\DenseMapSimd\x64>DenseMapSimd.exe run -ht -64 
DenseMapSimd, build: 1015 (optimal), Date: Feb  7 2025 14:33:06
Intel(R) Core(TM) i7-10700K CPU @ 3.80GHz, Comet Lake (Core i7), 8/16, 3.792GHz
load from 'DenseMap.64.dat', time: 0.65 s, size: 134.217.728, Unique Random set of numbers

-ht, DenseHashTable<uint64_t>::Add(key)
time: 1.330s, load: 0.0745, cnt:  10.000.000, op: 133ns, probe:          0, cmp:     46.216
time: 2.658s, load: 0.1490, cnt:  20.000.000, op: 132ns, probe:          0, cmp:    185.648
time: 3.992s, load: 0.2235, cnt:  30.000.000, op: 133ns, probe:          2, cmp:    418.740
time: 5.320s, load: 0.2980, cnt:  40.000.000, op: 133ns, probe:         31, cmp:    745.098
time: 6.634s, load: 0.3725, cnt:  50.000.000, op: 132ns, probe:        633, cmp:  1.163.387
time: 7.958s, load: 0.4470, cnt:  60.000.000, op: 132ns, probe:      6.228, cmp:  1.676.097
time: 9.284s, load: 0.5215, cnt:  70.000.000, op: 132ns, probe:     38.144, cmp:  2.283.935
time:10.597s, load: 0.5960, cnt:  80.000.000, op: 132ns, probe:    169.407, cmp:  2.993.198
time:11.917s, load: 0.6706, cnt:  90.000.000, op: 132ns, probe:    594.124, cmp:  3.822.974
time:13.211s, load: 0.7451, cnt: 100.000.000, op: 132ns, probe:  1.785.219, cmp:  4.824.377
time:14.512s, load: 0.8196, cnt: 110.000.000, op: 131ns, probe:  4.849.878, cmp:  6.126.411
time:15.790s, load: 0.8941, cnt: 120.000.000, op: 131ns, probe: 12.804.033, cmp:  8.100.004
time:17.044s, load: 0.9686, cnt: 130.000.000, op: 131ns, probe: 41.525.926, cmp: 12.724.296

Z:\temp\DenseMapSimd\x64>DenseMapSimdF1.exe run -ht -64 
DenseMapSimd, build: 1015 (fix1), Date: Feb  7 2025 14:33:28
Intel(R) Core(TM) i7-10700K CPU @ 3.80GHz, Comet Lake (Core i7), 8/16, 3.792GHz
load from 'DenseMap.64.dat', time: 0.653 s, size: 134.217.728, Unique Random set of numbers

-ht, DenseHashTable<uint64_t>::Add(key)
time: 0.404s, load: 0.0745, cnt:  10.000.000, op: 40ns, probe:          0, cmp:     46.216
time: 0.813s, load: 0.1490, cnt:  20.000.000, op: 40ns, probe:          0, cmp:    185.648
time: 1.248s, load: 0.2235, cnt:  30.000.000, op: 41ns, probe:          2, cmp:    418.740
time: 1.721s, load: 0.2980, cnt:  40.000.000, op: 43ns, probe:         31, cmp:    745.098
time: 2.265s, load: 0.3725, cnt:  50.000.000, op: 45ns, probe:        633, cmp:  1.163.387
time: 2.920s, load: 0.4470, cnt:  60.000.000, op: 48ns, probe:      6.228, cmp:  1.676.097
time: 3.713s, load: 0.5215, cnt:  70.000.000, op: 53ns, probe:     38.144, cmp:  2.283.935
time: 4.644s, load: 0.5960, cnt:  80.000.000, op: 58ns, probe:    169.407, cmp:  2.993.198
time: 5.671s, load: 0.6706, cnt:  90.000.000, op: 63ns, probe:    594.124, cmp:  3.822.974
time: 6.781s, load: 0.7451, cnt: 100.000.000, op: 67ns, probe:  1.785.219, cmp:  4.824.377
time: 7.925s, load: 0.8196, cnt: 110.000.000, op: 72ns, probe:  4.849.878, cmp:  6.126.411
time: 9.122s, load: 0.8941, cnt: 120.000.000, op: 76ns, probe: 12.804.033, cmp:  8.100.004
time:10.363s, load: 0.9686, cnt: 130.000.000, op: 79ns, probe: 41.525.926, cmp: 12.724.296

Z:\temp\DenseMapSimd\x64>DenseMapSimdF2.exe run -ht -64 
DenseMapSimd, build: 1015 (fix2), Date: Feb  7 2025 14:33:17
Intel(R) Core(TM) i7-10700K CPU @ 3.80GHz, Comet Lake (Core i7), 8/16, 3.792GHz
load from 'DenseMap.64.dat', time: 0.676 s, size: 134.217.728, Unique Random set of numbers

-ht, DenseHashTable<uint64_t>::Add(key)
time: 0.410s, load: 0.0745, cnt:  10.000.000, op: 41ns, probe:          0, cmp:     46.216
time: 0.822s, load: 0.1490, cnt:  20.000.000, op: 41ns, probe:          0, cmp:    185.648
time: 1.232s, load: 0.2235, cnt:  30.000.000, op: 41ns, probe:          2, cmp:    418.740
time: 1.655s, load: 0.2980, cnt:  40.000.000, op: 41ns, probe:         31, cmp:    745.098
time: 2.089s, load: 0.3725, cnt:  50.000.000, op: 41ns, probe:        633, cmp:  1.163.387
time: 2.536s, load: 0.4470, cnt:  60.000.000, op: 42ns, probe:      6.228, cmp:  1.676.097
time: 3.004s, load: 0.5215, cnt:  70.000.000, op: 42ns, probe:     38.144, cmp:  2.283.935
time: 3.515s, load: 0.5960, cnt:  80.000.000, op: 43ns, probe:    169.407, cmp:  2.993.198
time: 4.068s, load: 0.6706, cnt:  90.000.000, op: 45ns, probe:    594.124, cmp:  3.822.974
time: 4.691s, load: 0.7451, cnt: 100.000.000, op: 46ns, probe:  1.785.219, cmp:  4.824.377
time: 5.404s, load: 0.8196, cnt: 110.000.000, op: 49ns, probe:  4.849.878, cmp:  6.126.411
time: 6.239s, load: 0.8941, cnt: 120.000.000, op: 51ns, probe: 12.804.033, cmp:  8.100.004
time: 7.358s, load: 0.9686, cnt: 130.000.000, op: 56ns, probe: 41.525.926, cmp: 12.724.296

Z:\temp\DenseMapSimd\x64>DenseMapSimd.exe run -ht -32 
DenseMapSimd, build: 1015 (optimal), Date: Feb  7 2025 14:33:06
Intel(R) Core(TM) i7-10700K CPU @ 3.80GHz, Comet Lake (Core i7), 8/16, 3.792GHz
load from 'DenseMap.64.dat', time: 0.65 s, size: 134.217.728, Unique Random set of numbers

-ht, DenseHashTable<uint32_t>::Add(key)
time: 1.146s, load: 0.0745, cnt:  10.000.000, op: 114ns, probe:          0, cmp:     37.647
time: 2.289s, load: 0.1490, cnt:  20.000.000, op: 114ns, probe:          0, cmp:    151.147
time: 3.435s, load: 0.2235, cnt:  30.000.000, op: 114ns, probe:          2, cmp:    339.592
time: 4.576s, load: 0.2980, cnt:  40.000.000, op: 114ns, probe:         21, cmp:    603.591
time: 5.720s, load: 0.3725, cnt:  50.000.000, op: 114ns, probe:        546, cmp:    942.809
time: 6.862s, load: 0.4470, cnt:  60.000.000, op: 114ns, probe:      5.532, cmp:  1.358.550
time: 8.017s, load: 0.5215, cnt:  70.000.000, op: 114ns, probe:     34.721, cmp:  1.850.944
time: 9.160s, load: 0.5960, cnt:  80.000.000, op: 114ns, probe:    155.801, cmp:  2.425.317
time:10.289s, load: 0.6706, cnt:  90.000.000, op: 114ns, probe:    557.339, cmp:  3.099.960
time:11.451s, load: 0.7451, cnt: 100.000.000, op: 114ns, probe:  1.691.572, cmp:  3.924.161
time:12.598s, load: 0.8196, cnt: 110.000.000, op: 114ns, probe:  4.641.406, cmp:  5.023.808
time:13.773s, load: 0.8941, cnt: 120.000.000, op: 114ns, probe: 12.388.504, cmp:  6.758.773
time:15.011s, load: 0.9686, cnt: 130.000.000, op: 115ns, probe: 40.532.297, cmp: 11.078.943

Z:\temp\DenseMapSimd\x64>DenseMapSimdF1.exe run -ht -32 
DenseMapSimd, build: 1015 (fix1), Date: Feb  7 2025 14:33:28
Intel(R) Core(TM) i7-10700K CPU @ 3.80GHz, Comet Lake (Core i7), 8/16, 3.792GHz
load from 'DenseMap.64.dat', time: 0.655 s, size: 134.217.728, Unique Random set of numbers

-ht, DenseHashTable<uint32_t>::Add(key)
time: 0.339s, load: 0.0745, cnt:  10.000.000, op: 33ns, probe:          0, cmp:     37.647
time: 0.684s, load: 0.1490, cnt:  20.000.000, op: 34ns, probe:          0, cmp:    151.147
time: 1.058s, load: 0.2235, cnt:  30.000.000, op: 35ns, probe:          2, cmp:    339.592
time: 1.508s, load: 0.2980, cnt:  40.000.000, op: 37ns, probe:         21, cmp:    603.591
time: 1.986s, load: 0.3725, cnt:  50.000.000, op: 39ns, probe:        546, cmp:    942.809
time: 2.590s, load: 0.4470, cnt:  60.000.000, op: 43ns, probe:      5.532, cmp:  1.358.550
time: 3.360s, load: 0.5215, cnt:  70.000.000, op: 48ns, probe:     34.721, cmp:  1.850.944
time: 4.166s, load: 0.5960, cnt:  80.000.000, op: 52ns, probe:    155.801, cmp:  2.425.317
time: 5.128s, load: 0.6706, cnt:  90.000.000, op: 56ns, probe:    557.339, cmp:  3.099.960
time: 6.144s, load: 0.7451, cnt: 100.000.000, op: 61ns, probe:  1.691.572, cmp:  3.924.161
time: 7.225s, load: 0.8196, cnt: 110.000.000, op: 65ns, probe:  4.641.406, cmp:  5.023.808
time: 8.351s, load: 0.8941, cnt: 120.000.000, op: 69ns, probe: 12.388.504, cmp:  6.758.773
time: 9.536s, load: 0.9686, cnt: 130.000.000, op: 73ns, probe: 40.532.297, cmp: 11.078.943

Z:\temp\DenseMapSimd\x64>DenseMapSimdF2.exe run -ht -32 
DenseMapSimd, build: 1015 (fix2), Date: Feb  7 2025 14:33:17
Intel(R) Core(TM) i7-10700K CPU @ 3.80GHz, Comet Lake (Core i7), 8/16, 3.792GHz
load from 'DenseMap.64.dat', time: 0.654 s, size: 134.217.728, Unique Random set of numbers

-ht, DenseHashTable<uint32_t>::Add(key)
time: 0.338s, load: 0.0745, cnt:  10.000.000, op: 33ns, probe:          0, cmp:     37.647
time: 0.670s, load: 0.1490, cnt:  20.000.000, op: 33ns, probe:          0, cmp:    151.147
time: 1.017s, load: 0.2235, cnt:  30.000.000, op: 33ns, probe:          2, cmp:    339.592
time: 1.360s, load: 0.2980, cnt:  40.000.000, op: 34ns, probe:         21, cmp:    603.591
time: 1.725s, load: 0.3725, cnt:  50.000.000, op: 34ns, probe:        546, cmp:    942.809
time: 2.113s, load: 0.4470, cnt:  60.000.000, op: 35ns, probe:      5.532, cmp:  1.358.550
time: 2.553s, load: 0.5215, cnt:  70.000.000, op: 36ns, probe:     34.721, cmp:  1.850.944
time: 2.971s, load: 0.5960, cnt:  80.000.000, op: 37ns, probe:    155.801, cmp:  2.425.317
time: 3.450s, load: 0.6706, cnt:  90.000.000, op: 38ns, probe:    557.339, cmp:  3.099.960
time: 4.020s, load: 0.7451, cnt: 100.000.000, op: 40ns, probe:  1.691.572, cmp:  3.924.161
time: 4.672s, load: 0.8196, cnt: 110.000.000, op: 42ns, probe:  4.641.406, cmp:  5.023.808
time: 5.465s, load: 0.8941, cnt: 120.000.000, op: 45ns, probe: 12.388.504, cmp:  6.758.773
time: 6.510s, load: 0.9686, cnt: 130.000.000, op: 50ns, probe: 40.532.297, cmp: 11.078.943
