
Z:\temp\DenseMapSimd\x64>DenseMapSimd.exe run -ht -64 
DenseMapSimd, build: 1015 (optimal), Date: Feb  7 2025 14:33:06
Intel(R) Core(TM) i7-10700K CPU @ 3.80GHz, Comet Lake (Core i7), 8/16, 3.792GHz
load from 'DenseMap.64.dat', time: 0.649 s, size: 134.217.728, Sequential set of numbers

-ht, DenseHashTable<uint64_t>::Add(key)
time: 1.466s, load: 0.0745, cnt:  10.000.000, op: 146ns, probe:          0, cmp:          0
time: 2.935s, load: 0.1490, cnt:  20.000.000, op: 146ns, probe:          0, cmp:          0
time: 4.369s, load: 0.2235, cnt:  30.000.000, op: 145ns, probe:          0, cmp:          0
time: 5.830s, load: 0.2980, cnt:  40.000.000, op: 145ns, probe:          0, cmp:          0
time: 7.307s, load: 0.3725, cnt:  50.000.000, op: 146ns, probe:          0, cmp:          0
time: 8.702s, load: 0.4470, cnt:  60.000.000, op: 145ns, probe:          0, cmp:          0
time:10.107s, load: 0.5215, cnt:  70.000.000, op: 144ns, probe:          0, cmp:          0
time:11.662s, load: 0.5960, cnt:  80.000.000, op: 145ns, probe:          0, cmp:          0
time:13.136s, load: 0.6706, cnt:  90.000.000, op: 145ns, probe:          0, cmp:          0
time:14.588s, load: 0.7451, cnt: 100.000.000, op: 145ns, probe:          0, cmp:          0
time:15.981s, load: 0.8196, cnt: 110.000.000, op: 145ns, probe:          0, cmp:          0
time:17.557s, load: 0.8941, cnt: 120.000.000, op: 146ns, probe:          0, cmp:          0
time:18.942s, load: 0.9686, cnt: 130.000.000, op: 145ns, probe:          0, cmp:          0

Z:\temp\DenseMapSimd\x64>DenseMapSimdF1.exe run -ht -64 
DenseMapSimd, build: 1015 (fix1), Date: Feb  7 2025 14:33:28
Intel(R) Core(TM) i7-10700K CPU @ 3.80GHz, Comet Lake (Core i7), 8/16, 3.792GHz
load from 'DenseMap.64.dat', time: 0.665 s, size: 134.217.728, Sequential set of numbers

-ht, DenseHashTable<uint64_t>::Add(key)
time: 0.428s, load: 0.0745, cnt:  10.000.000, op: 42ns, probe:          0, cmp:          0
time: 0.855s, load: 0.1490, cnt:  20.000.000, op: 42ns, probe:          0, cmp:          0
time: 1.284s, load: 0.2235, cnt:  30.000.000, op: 42ns, probe:          0, cmp:          0
time: 1.713s, load: 0.2980, cnt:  40.000.000, op: 42ns, probe:          0, cmp:          0
time: 2.143s, load: 0.3725, cnt:  50.000.000, op: 42ns, probe:          0, cmp:          0
time: 2.572s, load: 0.4470, cnt:  60.000.000, op: 42ns, probe:          0, cmp:          0
time: 3.007s, load: 0.5215, cnt:  70.000.000, op: 42ns, probe:          0, cmp:          0
time: 3.428s, load: 0.5960, cnt:  80.000.000, op: 42ns, probe:          0, cmp:          0
time: 3.869s, load: 0.6706, cnt:  90.000.000, op: 42ns, probe:          0, cmp:          0
time: 4.281s, load: 0.7451, cnt: 100.000.000, op: 42ns, probe:          0, cmp:          0
time: 4.713s, load: 0.8196, cnt: 110.000.000, op: 42ns, probe:          0, cmp:          0
time: 5.167s, load: 0.8941, cnt: 120.000.000, op: 43ns, probe:          0, cmp:          0
time: 5.577s, load: 0.9686, cnt: 130.000.000, op: 42ns, probe:          0, cmp:          0

Z:\temp\DenseMapSimd\x64>DenseMapSimdF2.exe run -ht -64 
DenseMapSimd, build: 1015 (fix2), Date: Feb  7 2025 14:33:17
Intel(R) Core(TM) i7-10700K CPU @ 3.80GHz, Comet Lake (Core i7), 8/16, 3.792GHz
load from 'DenseMap.64.dat', time: 0.686 s, size: 134.217.728, Sequential set of numbers

-ht, DenseHashTable<uint64_t>::Add(key)
time: 0.427s, load: 0.0745, cnt:  10.000.000, op: 42ns, probe:          0, cmp:          0
time: 0.852s, load: 0.1490, cnt:  20.000.000, op: 42ns, probe:          0, cmp:          0
time: 1.279s, load: 0.2235, cnt:  30.000.000, op: 42ns, probe:          0, cmp:          0
time: 1.709s, load: 0.2980, cnt:  40.000.000, op: 42ns, probe:          0, cmp:          0
time: 2.129s, load: 0.3725, cnt:  50.000.000, op: 42ns, probe:          0, cmp:          0
time: 2.557s, load: 0.4470, cnt:  60.000.000, op: 42ns, probe:          0, cmp:          0
time: 2.984s, load: 0.5215, cnt:  70.000.000, op: 42ns, probe:          0, cmp:          0
time: 3.412s, load: 0.5960, cnt:  80.000.000, op: 42ns, probe:          0, cmp:          0
time: 3.834s, load: 0.6706, cnt:  90.000.000, op: 42ns, probe:          0, cmp:          0
time: 4.262s, load: 0.7451, cnt: 100.000.000, op: 42ns, probe:          0, cmp:          0
time: 4.716s, load: 0.8196, cnt: 110.000.000, op: 42ns, probe:          0, cmp:          0
time: 5.132s, load: 0.8941, cnt: 120.000.000, op: 42ns, probe:          0, cmp:          0
time: 5.629s, load: 0.9686, cnt: 130.000.000, op: 43ns, probe:          0, cmp:          0

Z:\temp\DenseMapSimd\x64>DenseMapSimd.exe run -ht -32 
DenseMapSimd, build: 1015 (optimal), Date: Feb  7 2025 14:33:06
Intel(R) Core(TM) i7-10700K CPU @ 3.80GHz, Comet Lake (Core i7), 8/16, 3.792GHz
load from 'DenseMap.64.dat', time: 0.658 s, size: 134.217.728, Sequential set of numbers

-ht, DenseHashTable<uint32_t>::Add(key)
time: 1.240s, load: 0.0745, cnt:  10.000.000, op: 124ns, probe:          0, cmp:          0
time: 2.483s, load: 0.1490, cnt:  20.000.000, op: 124ns, probe:          0, cmp:          0
time: 3.721s, load: 0.2235, cnt:  30.000.000, op: 124ns, probe:          0, cmp:          0
time: 4.963s, load: 0.2980, cnt:  40.000.000, op: 124ns, probe:          0, cmp:          0
time: 6.205s, load: 0.3725, cnt:  50.000.000, op: 124ns, probe:          0, cmp:          0
time: 7.459s, load: 0.4470, cnt:  60.000.000, op: 124ns, probe:          0, cmp:          0
time: 8.779s, load: 0.5215, cnt:  70.000.000, op: 125ns, probe:          0, cmp:          0
time: 9.959s, load: 0.5960, cnt:  80.000.000, op: 124ns, probe:          0, cmp:          0
time:11.161s, load: 0.6706, cnt:  90.000.000, op: 124ns, probe:          0, cmp:          0
time:12.409s, load: 0.7451, cnt: 100.000.000, op: 124ns, probe:          0, cmp:          0
time:13.631s, load: 0.8196, cnt: 110.000.000, op: 123ns, probe:          0, cmp:          0
time:14.892s, load: 0.8941, cnt: 120.000.000, op: 124ns, probe:          0, cmp:          0
time:16.101s, load: 0.9686, cnt: 130.000.000, op: 123ns, probe:          0, cmp:          0

Z:\temp\DenseMapSimd\x64>DenseMapSimdF1.exe run -ht -32 
DenseMapSimd, build: 1015 (fix1), Date: Feb  7 2025 14:33:28
Intel(R) Core(TM) i7-10700K CPU @ 3.80GHz, Comet Lake (Core i7), 8/16, 3.792GHz
load from 'DenseMap.64.dat', time: 0.676 s, size: 134.217.728, Sequential set of numbers

-ht, DenseHashTable<uint32_t>::Add(key)
time: 0.347s, load: 0.0745, cnt:  10.000.000, op: 34ns, probe:          0, cmp:          0
time: 0.690s, load: 0.1490, cnt:  20.000.000, op: 34ns, probe:          0, cmp:          0
time: 1.027s, load: 0.2235, cnt:  30.000.000, op: 34ns, probe:          0, cmp:          0
time: 1.379s, load: 0.2980, cnt:  40.000.000, op: 34ns, probe:          0, cmp:          0
time: 1.721s, load: 0.3725, cnt:  50.000.000, op: 34ns, probe:          0, cmp:          0
time: 2.060s, load: 0.4470, cnt:  60.000.000, op: 34ns, probe:          0, cmp:          0
time: 2.406s, load: 0.5215, cnt:  70.000.000, op: 34ns, probe:          0, cmp:          0
time: 2.751s, load: 0.5960, cnt:  80.000.000, op: 34ns, probe:          0, cmp:          0
time: 3.090s, load: 0.6706, cnt:  90.000.000, op: 34ns, probe:          0, cmp:          0
time: 3.431s, load: 0.7451, cnt: 100.000.000, op: 34ns, probe:          0, cmp:          0
time: 3.783s, load: 0.8196, cnt: 110.000.000, op: 34ns, probe:          0, cmp:          0
time: 4.120s, load: 0.8941, cnt: 120.000.000, op: 34ns, probe:          0, cmp:          0
time: 4.469s, load: 0.9686, cnt: 130.000.000, op: 34ns, probe:          0, cmp:          0

Z:\temp\DenseMapSimd\x64>DenseMapSimdF2.exe run -ht -32 
DenseMapSimd, build: 1015 (fix2), Date: Feb  7 2025 14:33:17
Intel(R) Core(TM) i7-10700K CPU @ 3.80GHz, Comet Lake (Core i7), 8/16, 3.792GHz
load from 'DenseMap.64.dat', time: 0.676 s, size: 134.217.728, Sequential set of numbers

-ht, DenseHashTable<uint32_t>::Add(key)
time: 0.421s, load: 0.0745, cnt:  10.000.000, op: 42ns, probe:          0, cmp:          0
time: 0.847s, load: 0.1490, cnt:  20.000.000, op: 42ns, probe:          0, cmp:          0
time: 1.266s, load: 0.2235, cnt:  30.000.000, op: 42ns, probe:          0, cmp:          0
time: 1.685s, load: 0.2980, cnt:  40.000.000, op: 42ns, probe:          0, cmp:          0
time: 2.110s, load: 0.3725, cnt:  50.000.000, op: 42ns, probe:          0, cmp:          0
time: 2.528s, load: 0.4470, cnt:  60.000.000, op: 42ns, probe:          0, cmp:          0
time: 2.952s, load: 0.5215, cnt:  70.000.000, op: 42ns, probe:          0, cmp:          0
time: 3.373s, load: 0.5960, cnt:  80.000.000, op: 42ns, probe:          0, cmp:          0
time: 3.794s, load: 0.6706, cnt:  90.000.000, op: 42ns, probe:          0, cmp:          0
time: 4.220s, load: 0.7451, cnt: 100.000.000, op: 42ns, probe:          0, cmp:          0
time: 4.641s, load: 0.8196, cnt: 110.000.000, op: 42ns, probe:          0, cmp:          0
time: 5.068s, load: 0.8941, cnt: 120.000.000, op: 42ns, probe:          0, cmp:          0
time: 5.481s, load: 0.9686, cnt: 130.000.000, op: 42ns, probe:          0, cmp:          0
